

[LoRa] Sending data.
[LoRa] Data acknowledged. Msg: 1. Ack: 1.
[LoRa] Sender ID: 0xe
       Recipient ID: 0x0
       Msg ID: 1
       Msg Len: 1 B
       Msg type: ACK
       RSSI: -111 dBm
       SNR: -6.25 dB
       Message: 01
[LoRa] Resending data.
[Sens] Temperature reading: 17.25 °C

[LoRa] Sending data.
[LoRa] Data acknowledged. Msg: 2. Ack: 2.
[LoRa] Sender ID: 0xe
       Recipient ID: 0x0
       Msg ID: 3
       Msg Len: 1 B
       Msg type: ACK
       RSSI: -113 dBm
       SNR: -6.75 dB
       Message: 02
[LoRa] Resending data.
[Sens] Temperature reading: 18.00 °C

[LoRa] Sending data.
[LoRa] Data acknowledged. Msg: 3. Ack: 3.
[LoRa] Sender ID: 0xe
       Recipient ID: 0x0
       Msg ID: 5
       Msg Len: 1 B
       Msg type: ACK
       RSSI: -112 dBm
       SNR: -9.75 dB
       Message: 03
[LoRa] Resending data.
[Sens] Temperature reading: 18.75 °C

[LoRa] Sending data.
[LoRa] Data acknowledged. Msg: 4. Ack: 4.
[LoRa] Sender ID: 0xe
       Recipient ID: 0x0
       Msg ID: 7
       Msg Len: 1 B
       Msg type: ACK
       RSSI: -110 dBm
       SNR: -2.00 dB
       Message: 04
[LoRa] Resending data.
[Sens] Temperature reading: 18.50 °C

[LoRa] Sending data.
[LoRa] Data acknowledged. Msg: 5. Ack: 5.
[LoRa] Sender ID: 0xe
       Recipient ID: 0x0
       Msg ID: 9
       Msg Len: 1 B
       Msg type: ACK
       RSSI: -110 dBm
       SNR: -1.50 dB
       Message: 05
[LoRa] Resending data.
[Sens] Temperature reading: 18.50 °C

[LoRa] Sending data.
[LoRa] Data acknowledged. Msg: 6. Ack: 6.
[LoRa] Sender ID: 0xe
       Recipient ID: 0x0
       Msg ID: 11
       Msg Len: 1 B
       Msg type: ACK
       RSSI: -111 dBm
       SNR: -1.75 dB
       Message: 06
[LoRa] Resending data.
[Sens] Temperature reading: 18.00 °C

[LoRa] Sending data.
[LoRa] Data acknowledged. Msg: 7. Ack: 7.
[LoRa] Sender ID: 0xe
       Recipient ID: 0x0
       Msg ID: 13
       Msg Len: 1 B
       Msg type: ACK
       RSSI: -110 dBm
       SNR: -1.75 dB
       Message: 07
[LoRa] Resending data.
[Sens] Temperature reading: 18.00 °C

[LoRa] Sending data.
[LoRa] Data acknowledged. Msg: 8. Ack: 8.
[LoRa] Sender ID: 0xe
       Recipient ID: 0x0
       Msg ID: 15
       Msg Len: 1 B
       Msg type: ACK
       RSSI: -111 dBm
       SNR: -1.75 dB
       Message: 08
[LoRa] Resending data.
[Sens] Temperature reading: 18.75 °C

[LoRa] Sending data.
[LoRa] Data acknowledged. Msg: 9. Ack: 9.
[LoRa] Sender ID: 0xe
       Recipient ID: 0x0
       Msg ID: 17
       Msg Len: 1 B
       Msg type: ACK
       RSSI: -110 dBm
       SNR: -1.50 dB
       Message: 09
[LoRa] Resending data.
[Sens] Temperature reading: 18.25 °C

[LoRa] Sending data.
[LoRa] Data acknowledged. Msg: 10. Ack: 10.
[LoRa] Sender ID: 0xe
       Recipient ID: 0x0
       Msg ID: 19
       Msg Len: 1 B
       Msg type: ACK
       RSSI: -110 dBm
       SNR: -1.50 dB
       Message: 0a
[LoRa] Resending data.
[Sens] Temperature reading: 18.50 °C

[LoRa] Sending data.
[LoRa] Data acknowledged. Msg: 11. Ack: 11.
[LoRa] Sender ID: 0xe
       Recipient ID: 0x0
       Msg ID: 21
       Msg Len: 1 B
       Msg type: ACK
       RSSI: -110 dBm
       SNR: -1.75 dB
       Message: 0b
[LoRa] Resending data.
[Sens] Temperature reading: 18.25 °C

[LoRa] Sending data.
[LoRa] Data acknowledged. Msg: 12. Ack: 12.
[LoRa] Sender ID: 0xe
       Recipient ID: 0x0
       Msg ID: 23
       Msg Len: 1 B
       Msg type: ACK
       RSSI: -111 dBm
       SNR: -2.75 dB
       Message: 0c
[LoRa] Resending data.
[Sens] Temperature reading: 18.25 °C

[LoRa] Sending data.
[LoRa] Data acknowledged. Msg: 13. Ack: 13.
[LoRa] Sender ID: 0xe
       Recipient ID: 0x0
       Msg ID: 25
       Msg Len: 1 B
       Msg type: ACK
       RSSI: -110 dBm
       SNR: -1.00 dB
       Message: 0d
[LoRa] Resending data.
[Sens] Temperature reading: 18.00 °C

[LoRa] Sending data.
[LoRa] Data acknowledged. Msg: 14. Ack: 14.
[LoRa] Sender ID: 0xe
       Recipient ID: 0x0
       Msg ID: 27
       Msg Len: 1 B
       Msg type: ACK
       RSSI: -110 dBm
       SNR: -0.50 dB
       Message: 0e
[LoRa] Resending data.
[Sens] Temperature reading: 18.00 °C

[LoRa] Sending data.
[LoRa] Data acknowledged. Msg: 15. Ack: 15.
[LoRa] Sender ID: 0xe
       Recipient ID: 0x0
       Msg ID: 29
       Msg Len: 1 B
       Msg type: ACK
       RSSI: -110 dBm
       SNR: -0.50 dB
       Message: 0f
[LoRa] Resending data.
[Sens] Temperature reading: 18.50 °C

[LoRa] Sending data.
[LoRa] Data acknowledged. Msg: 16. Ack: 16.
[LoRa] Sender ID: 0xe
       Recipient ID: 0x0
       Msg ID: 31
       Msg Len: 1 B
       Msg type: ACK
       RSSI: -111 dBm
       SNR: -0.75 dB
       Message: 10
[LoRa] Resending data.
[Sens] Temperature reading: 18.50 °C

[LoRa] Sending data.
[LoRa] Data acknowledged. Msg: 17. Ack: 17.
[LoRa] Sender ID: 0xe
       Recipient ID: 0x0
       Msg ID: 33
       Msg Len: 1 B
       Msg type: ACK
       RSSI: -111 dBm
       SNR: -0.75 dB
       Message: 11
[LoRa] Resending data.
[Sens] Temperature reading: 18.50 °C

[LoRa] Sending data.
[LoRa] Data acknowledged. Msg: 18. Ack: 18.
[LoRa] Sender ID: 0xe
       Recipient ID: 0x0
       Msg ID: 35
       Msg Len: 1 B
       Msg type: ACK
       RSSI: -111 dBm
       SNR: -0.50 dB
       Message: 12
[LoRa] Resending data.
[Sens] Temperature reading: 18.00 °C

[LoRa] Sending data.
[LoRa] Data acknowledged. Msg: 19. Ack: 19.
[LoRa] Sender ID: 0xe
       Recipient ID: 0x0
       Msg ID: 37
       Msg Len: 1 B
       Msg type: ACK
       RSSI: -111 dBm
       SNR: 0.00 dB
       Message: 13
[LoRa] Resending data.
[Sens] Temperature reading: 18.25 °C

[LoRa] Sending data.
[LoRa] Data acknowledged. Msg: 20. Ack: 20.
[LoRa] Sender ID: 0xe
       Recipient ID: 0x0
       Msg ID: 39
       Msg Len: 1 B
       Msg type: ACK
       RSSI: -110 dBm
       SNR: 0.00 dB
       Message: 14
[LoRa] Resending data.
[Sens] Temperature reading: 18.25 °C

[LoRa] Sending data.
[LoRa] Data acknowledged. Msg: 21. Ack: 21.
[LoRa] Sender ID: 0xe
       Recipient ID: 0x0
       Msg ID: 41
       Msg Len: 1 B
       Msg type: ACK
       RSSI: -111 dBm
       SNR: 0.00 dB
       Message: 15
[LoRa] Resending data.
[Sens] Temperature reading: 18.00 °C

[LoRa] Sending data.
[LoRa] Data acknowledged. Msg: 22. Ack: 22.
[LoRa] Sender ID: 0xe
       Recipient ID: 0x0
       Msg ID: 43
       Msg Len: 1 B
       Msg type: ACK
       RSSI: -111 dBm
       SNR: -0.50 dB
       Message: 16
[LoRa] Resending data.
[Sens] Temperature reading: 18.00 °C

[LoRa] Sending data.
[LoRa] Data acknowledged. Msg: 23. Ack: 23.
[LoRa] Sender ID: 0xe
       Recipient ID: 0x0
       Msg ID: 45
       Msg Len: 1 B
       Msg type: ACK
       RSSI: -111 dBm
       SNR: 0.50 dB
       Message: 17
[LoRa] Resending data.
[Sens] Temperature reading: 18.25 °C

[LoRa] Sending data.
[LoRa] Data acknowledged. Msg: 24. Ack: 24.
[LoRa] Sender ID: 0xe
       Recipient ID: 0x0
       Msg ID: 47
       Msg Len: 1 B
       Msg type: ACK
       RSSI: -110 dBm
       SNR: 0.50 dB
       Message: 18
[LoRa] Resending data.
[Sens] Temperature reading: 18.00 °C

[LoRa] Sending data.
[LoRa] Data acknowledged. Msg: 25. Ack: 25.
[LoRa] Sender ID: 0xe
       Recipient ID: 0x0
       Msg ID: 49
       Msg Len: 1 B
       Msg type: ACK
       RSSI: -110 dBm
       SNR: 1.00 dB
       Message: 19
[LoRa] Resending data.
[Sens] Temperature reading: 18.00 °C

[LoRa] Sending data.
[LoRa] Data acknowledged. Msg: 26. Ack: 26.
[LoRa] Sender ID: 0xe
       Recipient ID: 0x0
       Msg ID: 51
       Msg Len: 1 B
       Msg type: ACK
       RSSI: -110 dBm
       SNR: 1.00 dB
       Message: 1a
[LoRa] Resending data.
[Sens] Temperature reading: 18.50 °C

[LoRa] Sending data.
[LoRa] Data acknowledged. Msg: 27. Ack: 27.
[LoRa] Sender ID: 0xe
       Recipient ID: 0x0
       Msg ID: 53
       Msg Len: 1 B
       Msg type: ACK
       RSSI: -110 dBm
       SNR: -0.25 dB
       Message: 1b
[LoRa] Resending data.
[Sens] Temperature reading: 18.50 °C

[LoRa] Sending data.
[LoRa] Data acknowledged. Msg: 28. Ack: 28.
[LoRa] Sender ID: 0xe
       Recipient ID: 0x0
       Msg ID: 55
       Msg Len: 1 B
       Msg type: ACK
       RSSI: -109 dBm
       SNR: 1.00 dB
       Message: 1c
[LoRa] Resending data.
[Sens] Temperature reading: 18.50 °C

[LoRa] Sending data.
[LoRa] Data acknowledged. Msg: 29. Ack: 29.
[LoRa] Sender ID: 0xe
       Recipient ID: 0x0
       Msg ID: 57
       Msg Len: 1 B
       Msg type: ACK
       RSSI: -111 dBm
       SNR: 0.00 dB
       Message: 1d
[LoRa] Resending data.
[Sens] Temperature reading: 17.75 °C

[LoRa] Sending data.
[LoRa] Data acknowledged. Msg: 30. Ack: 30.
[LoRa] Sender ID: 0xe
       Recipient ID: 0x0
       Msg ID: 59
       Msg Len: 1 B
       Msg type: ACK
       RSSI: -110 dBm
       SNR: 0.00 dB
       Message: 1e
[LoRa] Resending data.
[Sens] Temperature reading: 18.50 °C

[LoRa] Sending data.
[LoRa] Data acknowledged. Msg: 31. Ack: 31.
[LoRa] Sender ID: 0xe
       Recipient ID: 0x0
       Msg ID: 61
       Msg Len: 1 B
       Msg type: ACK
       RSSI: -111 dBm
       SNR: 0.00 dB
       Message: 1f
[LoRa] Resending data.
[Sens] Temperature reading: 18.00 °C

[LoRa] Sending data.
[LoRa] Data acknowledged. Msg: 32. Ack: 32.
[LoRa] Sender ID: 0xe
       Recipient ID: 0x0
       Msg ID: 63
       Msg Len: 1 B
       Msg type: ACK
       RSSI: -111 dBm
       SNR: -0.75 dB
       Message: 20
[LoRa] Resending data.
[Sens] Temperature reading: 18.25 °C

[LoRa] Sending data.
[LoRa] Data acknowledged. Msg: 33. Ack: 33.
[LoRa] Sender ID: 0xe
       Recipient ID: 0x0
       Msg ID: 65
       Msg Len: 1 B
       Msg type: ACK
       RSSI: -110 dBm
       SNR: 0.50 dB
       Message: 21
[LoRa] Resending data.
[Sens] Temperature reading: 18.25 °C

[LoRa] Sending data.
[LoRa] Data acknowledged. Msg: 34. Ack: 34.
[LoRa] Sender ID: 0xe
       Recipient ID: 0x0
       Msg ID: 67
       Msg Len: 1 B
       Msg type: ACK
       RSSI: -110 dBm
       SNR: -1.25 dB
       Message: 22
[LoRa] Resending data.
[Sens] Temperature reading: 18.50 °C

[LoRa] Sending data.
[LoRa] Data acknowledged. Msg: 35. Ack: 35.
[LoRa] Sender ID: 0xe
       Recipient ID: 0x0
       Msg ID: 69
       Msg Len: 1 B
       Msg type: ACK
       RSSI: -111 dBm
       SNR: -0.75 dB
       Message: 23
[LoRa] Resending data.
[Sens] Temperature reading: 18.50 °C

[LoRa] Sending data.
[LoRa] Data acknowledged. Msg: 36. Ack: 36.
[LoRa] Sender ID: 0xe
       Recipient ID: 0x0
       Msg ID: 71
       Msg Len: 1 B
       Msg type: ACK
       RSSI: -111 dBm
       SNR: -1.00 dB
       Message: 24
[LoRa] Resending data.
[Sens] Temperature reading: 17.75 °C

[LoRa] Sending data.
[LoRa] Data acknowledged. Msg: 37. Ack: 37.
[LoRa] Sender ID: 0xe
       Recipient ID: 0x0
       Msg ID: 73
       Msg Len: 1 B
       Msg type: ACK
       RSSI: -110 dBm
       SNR: 0.50 dB
       Message: 25
[LoRa] Resending data.
[Sens] Temperature reading: 18.00 °C

[LoRa] Sending data.
[LoRa] Data acknowledged. Msg: 38. Ack: 38.
[LoRa] Sender ID: 0xe
       Recipient ID: 0x0
       Msg ID: 75
       Msg Len: 1 B
       Msg type: ACK
       RSSI: -111 dBm
       SNR: -3.75 dB
       Message: 26
[LoRa] Resending data.
[Sens] Temperature reading: 18.25 °C

[LoRa] Sending data.
[LoRa] Data acknowledged. Msg: 39. Ack: 39.
[LoRa] Sender ID: 0xe
       Recipient ID: 0x0
       Msg ID: 77
       Msg Len: 1 B
       Msg type: ACK
       RSSI: -111 dBm
       SNR: -0.25 dB
       Message: 27
[LoRa] Resending data.
[Sens] Temperature reading: 18.50 °C

[LoRa] Sending data.
[LoRa] Data acknowledged. Msg: 40. Ack: 40.
[LoRa] Sender ID: 0xe
       Recipient ID: 0x0
       Msg ID: 79
       Msg Len: 1 B
       Msg type: ACK
       RSSI: -110 dBm
       SNR: -0.25 dB
       Message: 28
[LoRa] Resending data.
[Sens] Temperature reading: 18.50 °C

[LoRa] Sending data.
[LoRa] Data acknowledged. Msg: 41. Ack: 41.
[LoRa] Sender ID: 0xe
       Recipient ID: 0x0
       Msg ID: 81
       Msg Len: 1 B
       Msg type: ACK
       RSSI: -111 dBm
       SNR: -1.00 dB
       Message: 29
[LoRa] Resending data.
[Sens] Temperature reading: 18.00 °C

[LoRa] Sending data.
[LoRa] Data acknowledged. Msg: 42. Ack: 42.
[LoRa] Sender ID: 0xe
       Recipient ID: 0x0
       Msg ID: 83
       Msg Len: 1 B
       Msg type: ACK
       RSSI: -110 dBm
       SNR: -1.50 dB
       Message: 2a
[LoRa] Resending data.
[Sens] Temperature reading: 18.25 °C

[LoRa] Sending data.
[LoRa] Data acknowledged. Msg: 43. Ack: 43.
[LoRa] Sender ID: 0xe
       Recipient ID: 0x0
       Msg ID: 85
       Msg Len: 1 B
       Msg type: ACK
       RSSI: -110 dBm
       SNR: -1.50 dB
       Message: 2b
[LoRa] Resending data.
[Sens] Temperature reading: 18.00 °C

[LoRa] Sending data.
[LoRa] Data acknowledged. Msg: 44. Ack: 44.
[LoRa] Sender ID: 0xe
       Recipient ID: 0x0
       Msg ID: 87
       Msg Len: 1 B
       Msg type: ACK
       RSSI: -111 dBm
       SNR: -0.75 dB
       Message: 2c
[LoRa] Resending data.
[Sens] Temperature reading: 18.50 °C

[LoRa] Sending data.
[LoRa] Data acknowledged. Msg: 45. Ack: 45.
[LoRa] Sender ID: 0xe
       Recipient ID: 0x0
       Msg ID: 89
       Msg Len: 1 B
       Msg type: ACK
       RSSI: -111 dBm
       SNR: -2.00 dB
       Message: 2d
[LoRa] Resending data.
[Sens] Temperature reading: 18.00 °C

[LoRa] Sending data.
[LoRa] Data acknowledged. Msg: 46. Ack: 46.
[LoRa] Sender ID: 0xe
       Recipient ID: 0x0
       Msg ID: 91
       Msg Len: 1 B
       Msg type: ACK
       RSSI: -112 dBm
       SNR: -3.25 dB
       Message: 2e
[LoRa] Resending data.
[Sens] Temperature reading: 18.25 °C

[LoRa] Sending data.
[LoRa] Data acknowledged. Msg: 47. Ack: 47.
[LoRa] Sender ID: 0xe
       Recipient ID: 0x0
       Msg ID: 93
       Msg Len: 1 B
       Msg type: ACK
       RSSI: -111 dBm
       SNR: -2.25 dB
       Message: 2f
[LoRa] Resending data.
[Sens] Temperature reading: 18.50 °C

[LoRa] Sending data.
[LoRa] Data acknowledged. Msg: 48. Ack: 48.
[LoRa] Sender ID: 0xe
       Recipient ID: 0x0
       Msg ID: 95
       Msg Len: 1 B
       Msg type: ACK
       RSSI: -111 dBm
       SNR: -2.25 dB
       Message: 30
[LoRa] Resending data.
[Sens] Temperature reading: 18.75 °C

[LoRa] Sending data.
[LoRa] Data acknowledged. Msg: 49. Ack: 49.
[LoRa] Sender ID: 0xe
       Recipient ID: 0x0
       Msg ID: 97
       Msg Len: 1 B
       Msg type: ACK
       RSSI: -111 dBm
       SNR: -2.00 dB
       Message: 31
[LoRa] Resending data.
[Sens] Temperature reading: 18.50 °C

[LoRa] Sending data.
[LoRa] Data acknowledged. Msg: 50. Ack: 50.
[LoRa] Sender ID: 0xe
       Recipient ID: 0x0
       Msg ID: 99
       Msg Len: 1 B
       Msg type: ACK
       RSSI: -111 dBm
       SNR: -0.75 dB
       Message: 32
[LoRa] Resending data.
[Sens] Temperature reading: 18.50 °C

[LoRa] Sending data.
[LoRa] Data acknowledged. Msg: 51. Ack: 51.
[LoRa] Sender ID: 0xe
       Recipient ID: 0x0
       Msg ID: 101
       Msg Len: 1 B
       Msg type: ACK
       RSSI: -111 dBm
       SNR: -1.25 dB
       Message: 33
[LoRa] Resending data.
[Sens] Temperature reading: 18.25 °C

[LoRa] Sending data.
[LoRa] Data acknowledged. Msg: 52. Ack: 52.
[LoRa] Sender ID: 0xe
       Recipient ID: 0x0
       Msg ID: 103
       Msg Len: 1 B
       Msg type: ACK
       RSSI: -111 dBm
       SNR: 0.25 dB
       Message: 34
[LoRa] Resending data.
[Sens] Temperature reading: 18.50 °C

[LoRa] Sending data.
[LoRa] Data acknowledged. Msg: 53. Ack: 53.
[LoRa] Sender ID: 0xe
       Recipient ID: 0x0
       Msg ID: 105
       Msg Len: 1 B
       Msg type: ACK
       RSSI: -110 dBm
       SNR: -1.75 dB
       Message: 35
[LoRa] Resending data.
[Sens] Temperature reading: 18.00 °C

[LoRa] Sending data.
[LoRa] Data acknowledged. Msg: 54. Ack: 54.
[LoRa] Sender ID: 0xe
       Recipient ID: 0x0
       Msg ID: 107
       Msg Len: 1 B
       Msg type: ACK
       RSSI: -111 dBm
       SNR: -1.25 dB
       Message: 36
[LoRa] Resending data.
[Sens] Temperature reading: 18.50 °C

[LoRa] Sending data.
[LoRa] Data acknowledged. Msg: 55. Ack: 55.
[LoRa] Sender ID: 0xe
       Recipient ID: 0x0
       Msg ID: 109
       Msg Len: 1 B
       Msg type: ACK
       RSSI: -111 dBm
       SNR: -1.75 dB
       Message: 37
[LoRa] Resending data.
[Sens] Temperature reading: 18.50 °C

[LoRa] Sending data.
[LoRa] Data acknowledged. Msg: 56. Ack: 56.
[LoRa] Sender ID: 0xe
       Recipient ID: 0x0
       Msg ID: 111
       Msg Len: 1 B
       Msg type: ACK
       RSSI: -111 dBm
       SNR: -1.25 dB
       Message: 38
[LoRa] Resending data.
[Sens] Temperature reading: 18.50 °C

[LoRa] Sending data.
[LoRa] Data acknowledged. Msg: 57. Ack: 57.
[LoRa] Sender ID: 0xe
       Recipient ID: 0x0
       Msg ID: 113
       Msg Len: 1 B
       Msg type: ACK
       RSSI: -111 dBm
       SNR: -0.50 dB
       Message: 39
[LoRa] Resending data.
[Sens] Temperature reading: 18.50 °C

[LoRa] Sending data.
[LoRa] Data acknowledged. Msg: 58. Ack: 58.
[LoRa] Sender ID: 0xe
       Recipient ID: 0x0
       Msg ID: 115
       Msg Len: 1 B
       Msg type: ACK
       RSSI: -111 dBm
       SNR: -0.75 dB
       Message: 3a
[LoRa] Resending data.
[Sens] Temperature reading: 18.75 °C

[LoRa] Sending data.
[LoRa] Data acknowledged. Msg: 59. Ack: 59.
[LoRa] Sender ID: 0xe
       Recipient ID: 0x0
       Msg ID: 117
       Msg Len: 1 B
       Msg type: ACK
       RSSI: -111 dBm
       SNR: -0.75 dB
       Message: 3b
[LoRa] Resending data.
[Sens] Temperature reading: 18.50 °C

[LoRa] Sending data.
[LoRa] Data acknowledged. Msg: 60. Ack: 60.
[LoRa] Sender ID: 0xe
       Recipient ID: 0x0
       Msg ID: 119
       Msg Len: 1 B
       Msg type: ACK
       RSSI: -111 dBm
       SNR: -0.50 dB
       Message: 3c
[LoRa] Resending data.
[Sens] Temperature reading: 18.50 °C

[LoRa] Sending data.
[LoRa] Data acknowledged. Msg: 61. Ack: 61.
[LoRa] Sender ID: 0xe
       Recipient ID: 0x0
       Msg ID: 121
       Msg Len: 1 B
       Msg type: ACK
       RSSI: -110 dBm
       SNR: -0.75 dB
       Message: 3d
[LoRa] Resending data.
[Sens] Temperature reading: 18.25 °C

[LoRa] Sending data.
[LoRa] Data acknowledged. Msg: 62. Ack: 62.
[LoRa] Sender ID: 0xe
       Recipient ID: 0x0
       Msg ID: 123
       Msg Len: 1 B
       Msg type: ACK
       RSSI: -111 dBm
       SNR: -1.00 dB
       Message: 3e
[LoRa] Resending data.
[Sens] Temperature reading: 18.75 °C

[LoRa] Sending data.
[LoRa] Data acknowledged. Msg: 63. Ack: 63.
[LoRa] Sender ID: 0xe
       Recipient ID: 0x0
       Msg ID: 125
       Msg Len: 1 B
       Msg type: ACK
       RSSI: -111 dBm
       SNR: -0.75 dB
       Message: 3f
[LoRa] Resending data.
[Sens] Temperature reading: 19.00 °C

[LoRa] Sending data.
[LoRa] Data acknowledged. Msg: 64. Ack: 64.
[LoRa] Sender ID: 0xe
       Recipient ID: 0x0
       Msg ID: 127
       Msg Len: 1 B
       Msg type: ACK
       RSSI: -111 dBm
       SNR: -0.25 dB
       Message: 40
[LoRa] Resending data.
[Sens] Temperature reading: 19.00 °C

[LoRa] Sending data.
[LoRa] Data acknowledged. Msg: 65. Ack: 65.
[LoRa] Sender ID: 0xe
       Recipient ID: 0x0
       Msg ID: 129
       Msg Len: 1 B
       Msg type: ACK
       RSSI: -111 dBm
       SNR: 0.25 dB
       Message: 41
[LoRa] Resending data.
[Sens] Temperature reading: 18.25 °C

[LoRa] Sending data.
[LoRa] Data acknowledged. Msg: 66. Ack: 66.
[LoRa] Sender ID: 0xe
       Recipient ID: 0x0
       Msg ID: 131
       Msg Len: 1 B
       Msg type: ACK
       RSSI: -110 dBm
       SNR: 0.25 dB
       Message: 42
[LoRa] Resending data.
[Sens] Temperature reading: 18.25 °C

[LoRa] Sending data.
[LoRa] Data acknowledged. Msg: 67. Ack: 67.
[LoRa] Sender ID: 0xe
       Recipient ID: 0x0
       Msg ID: 133
       Msg Len: 1 B
       Msg type: ACK
       RSSI: -110 dBm
       SNR: 0.25 dB
       Message: 43
[LoRa] Resending data.
[Sens] Temperature reading: 19.00 °C

[LoRa] Sending data.
[LoRa] Data acknowledged. Msg: 68. Ack: 68.
[LoRa] Sender ID: 0xe
       Recipient ID: 0x0
       Msg ID: 135
       Msg Len: 1 B
       Msg type: ACK
       RSSI: -110 dBm
       SNR: 0.50 dB
       Message: 44
[LoRa] Resending data.
[Sens] Temperature reading: 19.00 °C

[LoRa] Sending data.
[LoRa] Data acknowledged. Msg: 69. Ack: 69.
[LoRa] Sender ID: 0xe
       Recipient ID: 0x0
       Msg ID: 137
       Msg Len: 1 B
       Msg type: ACK
       RSSI: -111 dBm
       SNR: 0.25 dB
       Message: 45
[LoRa] Resending data.
[Sens] Temperature reading: 18.50 °C

[LoRa] Sending data.
[LoRa] Data acknowledged. Msg: 70. Ack: 70.
[LoRa] Sender ID: 0xe
       Recipient ID: 0x0
       Msg ID: 139
       Msg Len: 1 B
       Msg type: ACK
       RSSI: -110 dBm
       SNR: 0.25 dB
       Message: 46
[LoRa] Resending data.
[Sens] Temperature reading: 18.50 °C

[LoRa] Sending data.
[LoRa] Data acknowledged. Msg: 71. Ack: 71.
[LoRa] Sender ID: 0xe
       Recipient ID: 0x0
       Msg ID: 141
       Msg Len: 1 B
       Msg type: ACK
       RSSI: -110 dBm
       SNR: 1.75 dB
       Message: 47
[LoRa] Resending data.
[Sens] Temperature reading: 18.75 °C

[LoRa] Sending data.
[LoRa] Data acknowledged. Msg: 72. Ack: 72.
[LoRa] Sender ID: 0xe
       Recipient ID: 0x0
       Msg ID: 143
       Msg Len: 1 B
       Msg type: ACK
       RSSI: -110 dBm
       SNR: 0.50 dB
       Message: 48
[LoRa] Resending data.
[Sens] Temperature reading: 18.50 °C

[LoRa] Sending data.
[LoRa] Data acknowledged. Msg: 73. Ack: 73.
[LoRa] Sender ID: 0xe
       Recipient ID: 0x0
       Msg ID: 145
       Msg Len: 1 B
       Msg type: ACK
       RSSI: -111 dBm
       SNR: 0.25 dB
       Message: 49
[LoRa] Resending data.
[Sens] Temperature reading: 18.25 °C

[LoRa] Sending data.
[LoRa] Data acknowledged. Msg: 74. Ack: 74.
[LoRa] Sender ID: 0xe
       Recipient ID: 0x0
       Msg ID: 147
       Msg Len: 1 B
       Msg type: ACK
       RSSI: -111 dBm
       SNR: 0.25 dB
       Message: 4a
[LoRa] Resending data.
[Sens] Temperature reading: 18.75 °C

[LoRa] Sending data.
[LoRa] Data acknowledged. Msg: 75. Ack: 75.
[LoRa] Sender ID: 0xe
       Recipient ID: 0x0
       Msg ID: 149
       Msg Len: 1 B
       Msg type: ACK
       RSSI: -110 dBm
       SNR: 0.25 dB
       Message: 4b
[LoRa] Resending data.
[Sens] Temperature reading: 18.50 °C

[LoRa] Sending data.
[LoRa] Data acknowledged. Msg: 76. Ack: 76.
[LoRa] Sender ID: 0xe
       Recipient ID: 0x0
       Msg ID: 151
       Msg Len: 1 B
       Msg type: ACK
       RSSI: -110 dBm
       SNR: 0.50 dB
       Message: 4c
[LoRa] Resending data.
[Sens] Temperature reading: 18.50 °C

[LoRa] Sending data.
[LoRa] Data acknowledged. Msg: 77. Ack: 77.
[LoRa] Sender ID: 0xe
       Recipient ID: 0x0
       Msg ID: 153
       Msg Len: 1 B
       Msg type: ACK
       RSSI: -110 dBm
       SNR: 0.25 dB
       Message: 4d
[LoRa] Resending data.
[Sens] Temperature reading: 18.25 °C

[LoRa] Sending data.
[LoRa] Data acknowledged. Msg: 78. Ack: 78.
[LoRa] Sender ID: 0xe
       Recipient ID: 0x0
       Msg ID: 155
       Msg Len: 1 B
       Msg type: ACK
       RSSI: -110 dBm
       SNR: 0.25 dB
       Message: 4e
[LoRa] Resending data.
[Sens] Temperature reading: 18.50 °C

[LoRa] Sending data.
[LoRa] Data acknowledged. Msg: 79. Ack: 79.
[LoRa] Sender ID: 0xe
       Recipient ID: 0x0
       Msg ID: 157
       Msg Len: 1 B
       Msg type: ACK
       RSSI: -111 dBm
       SNR: 0.00 dB
       Message: 4f
[LoRa] Resending data.
[Sens] Temperature reading: 18.50 °C

[LoRa] Sending data.
[LoRa] Data acknowledged. Msg: 80. Ack: 80.
[LoRa] Sender ID: 0xe
       Recipient ID: 0x0
       Msg ID: 159
       Msg Len: 1 B
       Msg type: ACK
       RSSI: -110 dBm
       SNR: 0.25 dB
       Message: 50
[LoRa] Resending data.
[Sens] Temperature reading: 18.50 °C

[LoRa] Sending data.
[LoRa] Data acknowledged. Msg: 81. Ack: 81.
[LoRa] Sender ID: 0xe
       Recipient ID: 0x0
       Msg ID: 161
       Msg Len: 1 B
       Msg type: ACK
       RSSI: -110 dBm
       SNR: 0.50 dB
       Message: 51
[LoRa] Resending data.
[Sens] Temperature reading: 18.50 °C

[LoRa] Sending data.
[LoRa] Data acknowledged. Msg: 82. Ack: 82.
[LoRa] Sender ID: 0xe
       Recipient ID: 0x0
       Msg ID: 163
       Msg Len: 1 B
       Msg type: ACK
       RSSI: -110 dBm
       SNR: 0.25 dB
       Message: 52
[LoRa] Resending data.
[Sens] Temperature reading: 18.50 °C

[LoRa] Sending data.
[LoRa] Data acknowledged. Msg: 83. Ack: 83.
[LoRa] Sender ID: 0xe
       Recipient ID: 0x0
       Msg ID: 165
       Msg Len: 1 B
       Msg type: ACK
       RSSI: -111 dBm
       SNR: 0.25 dB
       Message: 53
[LoRa] Resending data.
[Sens] Temperature reading: 18.25 °C

[LoRa] Sending data.
[LoRa] Data acknowledged. Msg: 84. Ack: 84.
[LoRa] Sender ID: 0xe
       Recipient ID: 0x0
       Msg ID: 167
       Msg Len: 1 B
       Msg type: ACK
       RSSI: -111 dBm
       SNR: 0.25 dB
       Message: 54
[LoRa] Resending data.
[Sens] Temperature reading: 18.50 °C

[LoRa] Sending data.
[LoRa] Data acknowledged. Msg: 85. Ack: 85.
[LoRa] Sender ID: 0xe
       Recipient ID: 0x0
       Msg ID: 169
       Msg Len: 1 B
       Msg type: ACK
       RSSI: -111 dBm
       SNR: 0.75 dB
       Message: 55
[LoRa] Resending data.
[Sens] Temperature reading: 18.25 °C

[LoRa] Sending data.
[LoRa] Data acknowledged. Msg: 86. Ack: 86.
[LoRa] Sender ID: 0xe
       Recipient ID: 0x0
       Msg ID: 171
       Msg Len: 1 B
       Msg type: ACK
       RSSI: -111 dBm
       SNR: -0.25 dB
       Message: 56
[LoRa] Resending data.
[Sens] Temperature reading: 17.75 °C

[LoRa] Sending data.
[LoRa] Data acknowledged. Msg: 87. Ack: 87.
[LoRa] Sender ID: 0xe
       Recipient ID: 0x0
       Msg ID: 173
       Msg Len: 1 B
       Msg type: ACK
       RSSI: -111 dBm
       SNR: 0.00 dB
       Message: 57
[LoRa] Resending data.
[Sens] Temperature reading: 18.25 °C

[LoRa] Sending data.
[LoRa] Data acknowledged. Msg: 88. Ack: 88.
[LoRa] Sender ID: 0xe
       Recipient ID: 0x0
       Msg ID: 175
       Msg Len: 1 B
       Msg type: ACK
       RSSI: -111 dBm
       SNR: 0.25 dB
       Message: 58
[LoRa] Resending data.
[Sens] Temperature reading: 18.50 °C

[LoRa] Sending data.
[LoRa] Data acknowledged. Msg: 89. Ack: 89.
[LoRa] Sender ID: 0xe
       Recipient ID: 0x0
       Msg ID: 177
       Msg Len: 1 B
       Msg type: ACK
       RSSI: -111 dBm
       SNR: 0.25 dB
       Message: 59
[LoRa] Resending data.
[Sens] Temperature reading: 18.25 °C

[LoRa] Sending data.
[LoRa] Data acknowledged. Msg: 90. Ack: 90.
[LoRa] Sender ID: 0xe
       Recipient ID: 0x0
       Msg ID: 179
       Msg Len: 1 B
       Msg type: ACK
       RSSI: -110 dBm
       SNR: 0.25 dB
       Message: 5a
[LoRa] Resending data.
[Sens] Temperature reading: 18.00 °C

[LoRa] Sending data.
[LoRa] Data acknowledged. Msg: 91. Ack: 91.
[LoRa] Sender ID: 0xe
       Recipient ID: 0x0
       Msg ID: 181
       Msg Len: 1 B
       Msg type: ACK
       RSSI: -110 dBm
       SNR: 0.00 dB
       Message: 5b
[LoRa] Resending data.
[Sens] Temperature reading: 18.50 °C

[LoRa] Sending data.
[LoRa] Data acknowledged. Msg: 92. Ack: 92.
[LoRa] Sender ID: 0xe
       Recipient ID: 0x0
       Msg ID: 183
       Msg Len: 1 B
       Msg type: ACK
       RSSI: -111 dBm
       SNR: -0.50 dB
       Message: 5c
[LoRa] Resending data.
[Sens] Temperature reading: 18.25 °C

[LoRa] Sending data.
[LoRa] Data acknowledged. Msg: 93. Ack: 93.
[LoRa] Sender ID: 0xe
       Recipient ID: 0x0
       Msg ID: 185
       Msg Len: 1 B
       Msg type: ACK
       RSSI: -110 dBm
       SNR: 0.75 dB
       Message: 5d
[LoRa] Resending data.
[Sens] Temperature reading: 18.25 °C

[LoRa] Sending data.
[LoRa] Data acknowledged. Msg: 94. Ack: 94.
[LoRa] Sender ID: 0xe
       Recipient ID: 0x0
       Msg ID: 187
       Msg Len: 1 B
       Msg type: ACK
       RSSI: -111 dBm
       SNR: 1.00 dB
       Message: 5e
[LoRa] Resending data.
[Sens] Temperature reading: 18.25 °C

[LoRa] Sending data.
[LoRa] Data acknowledged. Msg: 95. Ack: 95.
[LoRa] Sender ID: 0xe
       Recipient ID: 0x0
       Msg ID: 189
       Msg Len: 1 B
       Msg type: ACK
       RSSI: -112 dBm
       SNR: 1.25 dB
       Message: 5f
[LoRa] Resending data.
[Sens] Temperature reading: 18.00 °C

[LoRa] Sending data.
[LoRa] Data acknowledged. Msg: 96. Ack: 96.
[LoRa] Sender ID: 0xe
       Recipient ID: 0x0
       Msg ID: 191
       Msg Len: 1 B
       Msg type: ACK
       RSSI: -110 dBm
       SNR: 1.00 dB
       Message: 60
[LoRa] Resending data.
[Sens] Temperature reading: 18.00 °C

[LoRa] Sending data.
[LoRa] Data acknowledged. Msg: 97. Ack: 97.
[LoRa] Sender ID: 0xe
       Recipient ID: 0x0
       Msg ID: 193
       Msg Len: 1 B
       Msg type: ACK
       RSSI: -110 dBm
       SNR: 0.75 dB
       Message: 61
[LoRa] Resending data.
[Sens] Temperature reading: 18.50 °C

[LoRa] Sending data.
[LoRa] Data acknowledged. Msg: 98. Ack: 98.
[LoRa] Sender ID: 0xe
       Recipient ID: 0x0
       Msg ID: 195
       Msg Len: 1 B
       Msg type: ACK
       RSSI: -110 dBm
       SNR: 1.00 dB
       Message: 62
[LoRa] Resending data.
[Sens] Temperature reading: 18.25 °C

[LoRa] Sending data.
[LoRa] Data acknowledged. Msg: 99. Ack: 99.
[LoRa] Sender ID: 0xe
       Recipient ID: 0x0
       Msg ID: 197
       Msg Len: 1 B
       Msg type: ACK
       RSSI: -111 dBm
       SNR: 1.00 dB
       Message: 63
[LoRa] Resending data.
[Sens] Temperature reading: 18.00 °C

[LoRa] Sending data.
[LoRa] Data acknowledged. Msg: 100. Ack: 100.
[LoRa] Sender ID: 0xe
       Recipient ID: 0x0
       Msg ID: 199
       Msg Len: 1 B
       Msg type: ACK
       RSSI: -111 dBm
       SNR: 0.50 dB
       Message: 64
[LoRa] Resending data.
[Sens] Temperature reading: 18.50 °C

[LoRa] Sending data.
[LoRa] Data acknowledged. Msg: 101. Ack: 101.
[LoRa] Sender ID: 0xe
       Recipient ID: 0x0
       Msg ID: 201
       Msg Len: 1 B
       Msg type: ACK
       RSSI: -111 dBm
       SNR: 1.25 dB
       Message: 65
[LoRa] Resending data.
[Sens] Temperature reading: 18.25 °C

[LoRa] Sending data.
[LoRa] Data acknowledged. Msg: 102. Ack: 102.
[LoRa] Sender ID: 0xe
       Recipient ID: 0x0
       Msg ID: 203
       Msg Len: 1 B
       Msg type: ACK
       RSSI: -111 dBm
       SNR: 1.50 dB
       Message: 66
[LoRa] Resending data.
[Sens] Temperature reading: 18.00 °C

[LoRa] Sending data.
[LoRa] Data acknowledged. Msg: 103. Ack: 103.
[LoRa] Sender ID: 0xe
       Recipient ID: 0x0
       Msg ID: 205
       Msg Len: 1 B
       Msg type: ACK
       RSSI: -111 dBm
       SNR: 1.50 dB
       Message: 67
[LoRa] Resending data.
[Sens] Temperature reading: 18.25 °C

[LoRa] Sending data.
[LoRa] Data acknowledged. Msg: 104. Ack: 104.
[LoRa] Sender ID: 0xe
       Recipient ID: 0x0
       Msg ID: 207
       Msg Len: 1 B
       Msg type: ACK
       RSSI: -110 dBm
       SNR: 1.25 dB
       Message: 68
[LoRa] Resending data.
[Sens] Temperature reading: 18.00 °C

[LoRa] Sending data.
[LoRa] Data acknowledged. Msg: 105. Ack: 105.
[LoRa] Sender ID: 0xe
       Recipient ID: 0x0
       Msg ID: 209
       Msg Len: 1 B
       Msg type: ACK
       RSSI: -111 dBm
       SNR: 1.25 dB
       Message: 69
[LoRa] Resending data.
[Sens] Temperature reading: 18.00 °C

[LoRa] Sending data.
[LoRa] Data acknowledged. Msg: 106. Ack: 106.
[LoRa] Sender ID: 0xe
       Recipient ID: 0x0
       Msg ID: 211
       Msg Len: 1 B
       Msg type: ACK
       RSSI: -111 dBm
       SNR: 1.50 dB
       Message: 6a
[LoRa] Resending data.
[Sens] Temperature reading: 18.50 °C

[LoRa] Sending data.
[LoRa] Data acknowledged. Msg: 107. Ack: 107.
[LoRa] Sender ID: 0xe
       Recipient ID: 0x0
       Msg ID: 213
       Msg Len: 1 B
       Msg type: ACK
       RSSI: -110 dBm
       SNR: 2.00 dB
       Message: 6b
[LoRa] Resending data.
[Sens] Temperature reading: 18.25 °C

[LoRa] Sending data.
[LoRa] Data acknowledged. Msg: 108. Ack: 108.
[LoRa] Sender ID: 0xe
       Recipient ID: 0x0
       Msg ID: 215
       Msg Len: 1 B
       Msg type: ACK
       RSSI: -111 dBm
       SNR: 2.25 dB
       Message: 6c
[LoRa] Resending data.
[Sens] Temperature reading: 18.00 °C

[LoRa] Sending data.
[LoRa] Data acknowledged. Msg: 109. Ack: 109.
[LoRa] Sender ID: 0xe
       Recipient ID: 0x0
       Msg ID: 217
       Msg Len: 1 B
       Msg type: ACK
       RSSI: -110 dBm
       SNR: 2.50 dB
       Message: 6d
[LoRa] Resending data.
[Sens] Temperature reading: 18.50 °C

[LoRa] Sending data.
[LoRa] Data acknowledged. Msg: 110. Ack: 110.
[LoRa] Sender ID: 0xe
       Recipient ID: 0x0
       Msg ID: 219
       Msg Len: 1 B
       Msg type: ACK
       RSSI: -110 dBm
       SNR: 2.25 dB
       Message: 6e
[LoRa] Resending data.
[Sens] Temperature reading: 18.50 °C

[LoRa] Sending data.
[LoRa] Data acknowledged. Msg: 111. Ack: 111.
[LoRa] Sender ID: 0xe
       Recipient ID: 0x0
       Msg ID: 221
       Msg Len: 1 B
       Msg type: ACK
       RSSI: -111 dBm
       SNR: 2.75 dB
       Message: 6f
[LoRa] Resending data.
[Sens] Temperature reading: 18.50 °C

[LoRa] Sending data.
[LoRa] Data acknowledged. Msg: 112. Ack: 112.
[LoRa] Sender ID: 0xe
       Recipient ID: 0x0
       Msg ID: 223
       Msg Len: 1 B
       Msg type: ACK
       RSSI: -110 dBm
       SNR: 2.25 dB
       Message: 70
[LoRa] Resending data.
[Sens] Temperature reading: 18.25 °C

[LoRa] Sending data.
[LoRa] Data acknowledged. Msg: 113. Ack: 113.
[LoRa] Sender ID: 0xe
       Recipient ID: 0x0
       Msg ID: 225
       Msg Len: 1 B
       Msg type: ACK
       RSSI: -110 dBm
       SNR: 1.75 dB
       Message: 71
[LoRa] Resending data.
[Sens] Temperature reading: 18.25 °C

[LoRa] Sending data.
[LoRa] Data acknowledged. Msg: 114. Ack: 114.
[LoRa] Sender ID: 0xe
       Recipient ID: 0x0
       Msg ID: 227
       Msg Len: 1 B
       Msg type: ACK
       RSSI: -110 dBm
       SNR: 2.00 dB
       Message: 72
[LoRa] Resending data.
[Sens] Temperature reading: 18.00 °C

[LoRa] Sending data.
[LoRa] Data acknowledged. Msg: 115. Ack: 115.
[LoRa] Sender ID: 0xe
       Recipient ID: 0x0
       Msg ID: 229
       Msg Len: 1 B
       Msg type: ACK
       RSSI: -111 dBm
       SNR: 2.25 dB
       Message: 73
[LoRa] Resending data.
[Sens] Temperature reading: 18.25 °C

[LoRa] Sending data.
[LoRa] Data acknowledged. Msg: 116. Ack: 116.
[LoRa] Sender ID: 0xe
       Recipient ID: 0x0
       Msg ID: 231
       Msg Len: 1 B
       Msg type: ACK
       RSSI: -111 dBm
       SNR: 1.00 dB
       Message: 74
[LoRa] Resending data.
[Sens] Temperature reading: 17.75 °C

[LoRa] Sending data.
[LoRa] Data acknowledged. Msg: 117. Ack: 117.
[LoRa] Sender ID: 0xe
       Recipient ID: 0x0
       Msg ID: 233
       Msg Len: 1 B
       Msg type: ACK
       RSSI: -110 dBm
       SNR: 2.00 dB
       Message: 75
[LoRa] Resending data.
[Sens] Temperature reading: 18.25 °C

[LoRa] Sending data.
[LoRa] Data acknowledged. Msg: 118. Ack: 118.
[LoRa] Sender ID: 0xe
       Recipient ID: 0x0
       Msg ID: 235
       Msg Len: 1 B
       Msg type: ACK
       RSSI: -110 dBm
       SNR: 2.00 dB
       Message: 76
[LoRa] Resending data.
